Determining if the pthread_create exist failed with the following output:
Change Dir: /workspaces/cs225FinalProject2022/code/catkin_ws/build/CMakeFiles/CMakeTmp

Run Build Command:"/usr/bin/make" "cmTC_27949/fast"
/usr/bin/make -f CMakeFiles/cmTC_27949.dir/build.make CMakeFiles/cmTC_27949.dir/build
make[1]: Entering directory '/workspaces/cs225FinalProject2022/code/catkin_ws/build/CMakeFiles/CMakeTmp'
Building C object CMakeFiles/cmTC_27949.dir/CheckSymbolExists.c.o
/usr/bin/cc    -o CMakeFiles/cmTC_27949.dir/CheckSymbolExists.c.o   -c /workspaces/cs225FinalProject2022/code/catkin_ws/build/CMakeFiles/CMakeTmp/CheckSymbolExists.c
Linking C executable cmTC_27949
/usr/bin/cmake -E cmake_link_script CMakeFiles/cmTC_27949.dir/link.txt --verbose=1
/usr/bin/cc      -rdynamic CMakeFiles/cmTC_27949.dir/CheckSymbolExists.c.o  -o cmTC_27949 
CMakeFiles/cmTC_27949.dir/CheckSymbolExists.c.o: In function `main':
CheckSymbolExists.c:(.text+0x1b): undefined reference to `pthread_create'
collect2: error: ld returned 1 exit status
CMakeFiles/cmTC_27949.dir/build.make:97: recipe for target 'cmTC_27949' failed
make[1]: *** [cmTC_27949] Error 1
make[1]: Leaving directory '/workspaces/cs225FinalProject2022/code/catkin_ws/build/CMakeFiles/CMakeTmp'
Makefile:126: recipe for target 'cmTC_27949/fast' failed
make: *** [cmTC_27949/fast] Error 2

File /workspaces/cs225FinalProject2022/code/catkin_ws/build/CMakeFiles/CMakeTmp/CheckSymbolExists.c:
/* */
#include <pthread.h>

int main(int argc, char** argv)
{
  (void)argv;
#ifndef pthread_create
  return ((int*)(&pthread_create))[argc];
#else
  (void)argc;
  return 0;
#endif
}

Determining if the function pthread_create exists in the pthreads failed with the following output:
Change Dir: /workspaces/cs225FinalProject2022/code/catkin_ws/build/CMakeFiles/CMakeTmp

Run Build Command:"/usr/bin/make" "cmTC_4f5db/fast"
/usr/bin/make -f CMakeFiles/cmTC_4f5db.dir/build.make CMakeFiles/cmTC_4f5db.dir/build
make[1]: Entering directory '/workspaces/cs225FinalProject2022/code/catkin_ws/build/CMakeFiles/CMakeTmp'
Building C object CMakeFiles/cmTC_4f5db.dir/CheckFunctionExists.c.o
/usr/bin/cc   -DCHECK_FUNCTION_EXISTS=pthread_create   -o CMakeFiles/cmTC_4f5db.dir/CheckFunctionExists.c.o   -c /usr/share/cmake-3.10/Modules/CheckFunctionExists.c
Linking C executable cmTC_4f5db
/usr/bin/cmake -E cmake_link_script CMakeFiles/cmTC_4f5db.dir/link.txt --verbose=1
/usr/bin/cc  -DCHECK_FUNCTION_EXISTS=pthread_create    -rdynamic CMakeFiles/cmTC_4f5db.dir/CheckFunctionExists.c.o  -o cmTC_4f5db -lpthreads 
/usr/bin/ld: cannot find -lpthreads
collect2: error: ld returned 1 exit status
CMakeFiles/cmTC_4f5db.dir/build.make:97: recipe for target 'cmTC_4f5db' failed
make[1]: *** [cmTC_4f5db] Error 1
make[1]: Leaving directory '/workspaces/cs225FinalProject2022/code/catkin_ws/build/CMakeFiles/CMakeTmp'
Makefile:126: recipe for target 'cmTC_4f5db/fast' failed
make: *** [cmTC_4f5db/fast] Error 2


